<?xml version="1.0" encoding="UTF-8"?>
<!-- Generated by org.testng.reporters.JUnitReportReporter -->
<testsuite skipped="0" hostname="DESKTOP-GKQDOK9" name="testNGdemo.AnnoationsDemo" tests="3" failures="0" timestamp="2020-05-31T10:13:01 IST" time="0.003" errors="0">
  <testcase name="testB" time="0.001" classname="testNGdemo.AnnoationsDemo"/>
  <testcase name="testC" time="0.001" classname="testNGdemo.AnnoationsDemo"/>
  <testcase name="testA" time="0.001" classname="testNGdemo.AnnoationsDemo"/>
</testsuite> <!-- testNGdemo.AnnoationsDemo -->
