<?xml version="1.0" encoding="UTF-8"?>
<!-- Generated by org.testng.reporters.JUnitReportReporter -->
<testsuite skipped="0" hostname="DESKTOP-GKQDOK9" name="testNGdemo.TimeOutDemo" tests="1" failures="0" timestamp="2020-05-31T11:19:10 IST" time="5.021" errors="0">
  <testcase name="testA" time="5.021" classname="testNGdemo.TimeOutDemo"/>
</testsuite> <!-- testNGdemo.TimeOutDemo -->
