<?xml version="1.0" encoding="UTF-8"?>
<!-- Generated by org.testng.reporters.JUnitReportReporter -->
<testsuite skipped="0" hostname="Anu" name="testNGdemo.DependsOnMethodsDemo" tests="2" failures="0" timestamp="2020-06-01T10:20:25 IST" time="9.089" errors="0">
  <testcase name="VerifyUserNameAndPassword" time="0.257" classname="testNGdemo.DependsOnMethodsDemo"/>
  <testcase name="verifyTitle" time="8.832" classname="testNGdemo.DependsOnMethodsDemo"/>
</testsuite> <!-- testNGdemo.DependsOnMethodsDemo -->
