<?xml version="1.0" encoding="UTF-8"?>
<!-- Generated by org.testng.reporters.JUnitReportReporter -->
<testsuite skipped="0" hostname="Anu" name="testNGdemo.EnabledDemo" tests="3" failures="0" timestamp="2020-06-01T17:55:43 IST" time="0.047" errors="0">
  <testcase name="testB" time="0.000" classname="testNGdemo.EnabledDemo"/>
  <testcase name="testA" time="0.047" classname="testNGdemo.EnabledDemo"/>
  <testcase name="testC" time="0.000" classname="testNGdemo.EnabledDemo"/>
</testsuite> <!-- testNGdemo.EnabledDemo -->
