<?xml version="1.0" encoding="UTF-8"?>
<!-- Generated by org.testng.reporters.JUnitReportReporter -->
<testsuite skipped="0" hostname="Anu" name="testNGdemo.ParameterDemo" tests="2" failures="0" timestamp="2020-06-01T19:50:11 IST" time="8.970" errors="0">
  <testcase name="verifyTitle" time="8.675" classname="testNGdemo.ParameterDemo"/>
  <testcase name="VerifyUserNameAndPassword" time="0.295" classname="testNGdemo.ParameterDemo"/>
</testsuite> <!-- testNGdemo.ParameterDemo -->
