<?xml version="1.0" encoding="UTF-8"?>
<!-- Generated by org.testng.reporters.JUnitReportReporter -->
<testsuite skipped="0" hostname="Anu" name="testNGdemo.Parrallel_DemoTest" tests="3" failures="0" timestamp="2020-06-01T19:23:22 IST" time="23.642" errors="0">
  <testcase name="testC" time="11.023" classname="testNGdemo.Parrallel_DemoTest"/>
  <testcase name="testA" time="8.580" classname="testNGdemo.Parrallel_DemoTest"/>
  <testcase name="testB" time="4.039" classname="testNGdemo.Parrallel_DemoTest"/>
</testsuite> <!-- testNGdemo.Parrallel_DemoTest -->
