<?xml version="1.0" encoding="UTF-8"?>
<!-- Generated by org.testng.reporters.JUnitReportReporter -->
<testsuite skipped="0" hostname="DESKTOP-GKQDOK9" name="testNGdemo.PriorityDemo" tests="2" failures="0" timestamp="2020-05-31T10:38:41 IST" time="9.796" errors="0">
  <testcase name="verifyTitle" time="9.608" classname="testNGdemo.PriorityDemo"/>
  <testcase name="VerifyUserNameAndPassword" time="0.188" classname="testNGdemo.PriorityDemo"/>
</testsuite> <!-- testNGdemo.PriorityDemo -->
