<?xml version="1.0" encoding="UTF-8"?>
<!-- Generated by org.testng.reporters.JUnitReportReporter -->
<testsuite skipped="0" hostname="DESKTOP-GKQDOK9" name="testNGdemo.SmokeTest" tests="1" failures="0" timestamp="2020-05-31T10:13:01 IST" time="0.006" errors="0">
  <testcase name="smoketestcase" time="0.006" classname="testNGdemo.SmokeTest"/>
</testsuite> <!-- testNGdemo.SmokeTest -->
